Mon 2014.09.08 08:18:42.303 +0100	LogWriter	START
Logging started

Mon 2014.09.08 08:18:42.305 +0100	SERVER_TEST	START
Start logging

Mon 2014.09.08 08:18:42.307 +0100	SERVER_TEST	INFO
Test config
  logFile	./log/remote.log
        servers.remote.broker.name	remoteTest
        servers.remote.broker.wildcard	remotePassthrough
            servers.remote.broker.brokerList.remoteBroker.host	127.0.0.1
            servers.remote.broker.brokerList.remoteBroker.port	31066
            servers.remote.broker.serviceList.remotePassthrough.wildcard	pass
                servers.remote.broker.serviceList.remotePassthrough.processList.pass.loader	lexa.core.server.factory.InternalLoader
                servers.remote.broker.serviceList.remotePassthrough.processList.pass.class	PassThrough
                servers.remote.broker.serviceList.remotePassthrough.processList.pass.connectionName	remoteBroker
                servers.remote.broker.serviceList.remotePassthrough.processList.pass.maxProcesses	1
                  servers.remote.broker.serviceList.remotePassthrough.processList.pass.config.allowAnonymous	false
                    servers.remote.broker.serviceList.remotePassthrough.processList.pass.config.serviceList.echo	echoService
        servers.remote.message.service	testService
        servers.remote.message.message	echo
          servers.remote.message.request.testMessage	### remote test ###

Mon 2014.09.08 08:18:42.316 +0100	SERVER_TEST	INFO
Run all tests

Mon 2014.09.08 08:18:42.317 +0100	SERVER_TEST	INFO
Test:remote

Mon 2014.09.08 08:18:42.318 +0100	SERVER_TEST	INFO
Config
    broker.name	remoteTest
    broker.wildcard	remotePassthrough
        broker.brokerList.remoteBroker.host	127.0.0.1
        broker.brokerList.remoteBroker.port	31066
        broker.serviceList.remotePassthrough.wildcard	pass
            broker.serviceList.remotePassthrough.processList.pass.loader	lexa.core.server.factory.InternalLoader
            broker.serviceList.remotePassthrough.processList.pass.class	PassThrough
            broker.serviceList.remotePassthrough.processList.pass.connectionName	remoteBroker
            broker.serviceList.remotePassthrough.processList.pass.maxProcesses	1
              broker.serviceList.remotePassthrough.processList.pass.config.allowAnonymous	false
                broker.serviceList.remotePassthrough.processList.pass.config.serviceList.echo	echoService
    message.service	testService
    message.message	echo
      message.request.testMessage	### remote test ###

Mon 2014.09.08 08:18:42.402 +0100	Broker.remoteTest	START
Start logging

Mon 2014.09.08 08:18:42.414 +0100	BrokerHandler.remoteTest	START
Start logging

Mon 2014.09.08 08:18:42.429 +0100	Service.remotePassthrough	START
Start logging

Mon 2014.09.08 08:18:42.440 +0100	ProcessAgent.pass	START
Start logging

Mon 2014.09.08 08:18:42.448 +0100	ProcessFactory.PassThrough	START
Start logging

Mon 2014.09.08 08:18:42.462 +0100	MessagingContainerAsync.pass	START
Start logging

Mon 2014.09.08 08:18:42.463 +0100	Service.remotePassthrough	INFO
Service initialised, wildcard ='pass'

Mon 2014.09.08 08:18:42.463 +0100	MessagingContainerAsync.remotePassthrough	START
Start logging

Mon 2014.09.08 08:18:42.464 +0100	MessagingContainerAsync.remoteTest	START
Start logging

Mon 2014.09.08 08:18:42.484 +0100	Broker.remoteTest	INFO
Initialised message broker remoteTest

Mon 2014.09.08 08:18:42.485 +0100	Broker.remoteTest	INFO
starting

Mon 2014.09.08 08:18:42.487 +0100	Connection.remoteBroker#1	START
Start logging

Mon 2014.09.08 08:18:42.513 +0100	Receiver./127.0.0.1:50024	START
Start logging

Mon 2014.09.08 08:18:42.519 +0100	Sender./127.0.0.1:50024	START
Start logging

Mon 2014.09.08 08:18:42.528 +0100	Broker.remoteTest	INFO
new connection 1 to remoteBroker

Mon 2014.09.08 08:18:42.531 +0100	MessagingContainerAsync.pass	INFO
thread started

Mon 2014.09.08 08:18:42.532 +0100	BrokerHandler.remoteTest	DEBUG
setRunning true

Mon 2014.09.08 08:18:42.533 +0100	MessagingContainerAsync.remotePassthrough	INFO
thread started

Mon 2014.09.08 08:18:42.535 +0100	Broker.remoteTest	INFO
started

Mon 2014.09.08 08:18:42.536 +0100	MessagingContainerAsync.remoteTest	INFO
thread started

Mon 2014.09.08 08:18:42.536 +0100	Connection.local#2	START
Start logging

Mon 2014.09.08 08:18:42.537 +0100	Broker.remoteTest	INFO
new connection 2 to local

Mon 2014.09.08 08:18:42.542 +0100	BrokerHandler.remoteTest	MESSAGE_IO
inbound
  service	testService
  message	echo
  connectionId	2
  sourceId	1
    request.testMessage	### remote test ###

Mon 2014.09.08 08:18:42.544 +0100	Service.remotePassthrough	MESSAGE_IO
inbound
  service	testService
  message	echo
  connectionId	2
  sourceId	1
    request.testMessage	### remote test ###

Mon 2014.09.08 08:18:42.546 +0100	ProcessAgent.pass	DEBUG
inbound
  service	testService
  message	echo
  connectionId	2
  sourceId	1
    request.testMessage	### remote test ###

Mon 2014.09.08 08:18:42.548 +0100	ProcessAgent.pass	DEBUG
processAction.start

Mon 2014.09.08 08:18:42.549 +0100	ProcessAgent.pass	DEBUG
Submit request
  service	testService
  message	echo
  connectionId	2
  sourceId	1
    request.testMessage	### remote test ###

Mon 2014.09.08 08:18:42.552 +0100	ProcessAgent.pass	DEBUG
Handle requests
  sourceRef	1
      messageList.1.service	echoService
      messageList.1.message	echo
        messageList.1.source.sourceRef	1
          messageList.1.source.source.service	testService
          messageList.1.source.source.message	echo
          messageList.1.source.source.sourceId	1
        messageList.1.request.testMessage	### remote test ###

Mon 2014.09.08 08:18:42.555 +0100	Sender./127.0.0.1:50024	DEBUG
send
  service	echoService
  message	echo
  connectionId	1
  sourceId	1
  sourceRef	1
    source.sourceRef	1
      source.source.service	testService
      source.source.message	echo
      source.source.sourceId	1
    request.testMessage	### remote test ###

Mon 2014.09.08 08:18:42.566 +0100	ProcessAgent.pass	DEBUG
processAction.end

Mon 2014.09.08 08:18:43.542 +0100	SERVER_TEST	DEBUG
sleeping

